20:02:29 INFO  : Registering command handlers for SDK TCF services
20:02:29 INFO  : Launching XSCT server: xsct.bat -interactive E:\test\project_5\project_5.sdk\temp_xsdb_launch_script.tcl
20:02:31 INFO  : XSCT server has started successfully.
20:02:31 INFO  : Successfully done setting XSCT server connection channel  
20:02:33 INFO  : Successfully done setting SDK workspace  
20:02:33 INFO  : Processing command line option -hwspec E:/test/project_5/project_5.sdk/design_1_wrapper.hdf.
20:20:44 INFO  : Connected to target on host '127.0.0.1' and port '3121'.
20:20:44 INFO  : Jtag cable 'Digilent JTAG-SMT2NC 210308A7A2BE' is selected.
20:20:44 INFO  : 'jtag frequency' command is executed.
20:20:44 INFO  : Sourcing of 'D:/Xilinx2018p3/SDK/2018.3/scripts/sdk/util/zynqmp_utils.tcl' is done.
20:20:44 INFO  : Context for 'APU' is selected.
20:20:45 INFO  : System reset is completed.
20:20:49 INFO  : 'after 3000' command is executed.
20:20:49 INFO  : 'targets -set -filter {jtag_cable_name =~ "Digilent JTAG-SMT2NC 210308A7A2BE" && level==0} -index 0' command is executed.
20:21:04 INFO  : FPGA configured successfully with bitstream "E:/test/project_5/project_5.sdk/design_1_wrapper_hw_platform_0/design_1_wrapper.bit"
20:21:04 INFO  : Context for 'APU' is selected.
20:21:04 INFO  : Hardware design information is loaded from 'E:/test/project_5/project_5.sdk/design_1_wrapper_hw_platform_0/system.hdf'.
20:21:04 INFO  : 'configparams force-mem-access 1' command is executed.
20:21:04 INFO  : Context for 'APU' is selected.
20:21:04 INFO  : Sourcing of 'E:/test/project_5/project_5.sdk/design_1_wrapper_hw_platform_0/psu_init.tcl' is done.
20:21:05 INFO  : 'psu_init' command is executed.
20:21:06 INFO  : 'after 1000' command is executed.
20:21:06 INFO  : 'psu_ps_pl_isolation_removal' command is executed.
20:21:07 INFO  : 'after 1000' command is executed.
20:21:07 INFO  : 'psu_ps_pl_reset_config' command is executed.
20:21:07 INFO  : 'catch {psu_protection}' command is executed.
20:21:07 INFO  : Context for processor 'psu_cortexa53_0' is selected.
20:21:07 INFO  : Processor reset is completed for 'psu_cortexa53_0'.
20:21:08 INFO  : The application 'E:/test/project_5/project_5.sdk/DMA/Debug/DMA.elf' is downloaded to processor 'psu_cortexa53_0'.
20:21:08 INFO  : 'configparams force-mem-access 0' command is executed.
20:21:08 INFO  : ----------------XSDB Script----------------
connect -url tcp:127.0.0.1:3121
source D:/Xilinx2018p3/SDK/2018.3/scripts/sdk/util/zynqmp_utils.tcl
targets -set -nocase -filter {name =~"APU*" && jtag_cable_name =~ "Digilent JTAG-SMT2NC 210308A7A2BE"} -index 1
rst -system
after 3000
targets -set -filter {jtag_cable_name =~ "Digilent JTAG-SMT2NC 210308A7A2BE" && level==0} -index 0
fpga -file E:/test/project_5/project_5.sdk/design_1_wrapper_hw_platform_0/design_1_wrapper.bit
targets -set -nocase -filter {name =~"APU*" && jtag_cable_name =~ "Digilent JTAG-SMT2NC 210308A7A2BE"} -index 1
loadhw -hw E:/test/project_5/project_5.sdk/design_1_wrapper_hw_platform_0/system.hdf -mem-ranges [list {0x80000000 0xbfffffff} {0x400000000 0x5ffffffff} {0x1000000000 0x7fffffffff}]
configparams force-mem-access 1
targets -set -nocase -filter {name =~"APU*" && jtag_cable_name =~ "Digilent JTAG-SMT2NC 210308A7A2BE"} -index 1
source E:/test/project_5/project_5.sdk/design_1_wrapper_hw_platform_0/psu_init.tcl
psu_init
after 1000
psu_ps_pl_isolation_removal
after 1000
psu_ps_pl_reset_config
catch {psu_protection}
targets -set -nocase -filter {name =~"*A53*0" && jtag_cable_name =~ "Digilent JTAG-SMT2NC 210308A7A2BE"} -index 1
rst -processor
dow E:/test/project_5/project_5.sdk/DMA/Debug/DMA.elf
configparams force-mem-access 0
----------------End of Script----------------

20:21:08 INFO  : Context for processor 'psu_cortexa53_0' is selected.
20:21:08 INFO  : 'con' command is executed.
20:21:08 INFO  : ----------------XSDB Script (After Launch)----------------
targets -set -nocase -filter {name =~"*A53*0" && jtag_cable_name =~ "Digilent JTAG-SMT2NC 210308A7A2BE"} -index 1
con
----------------End of Script----------------

20:21:08 INFO  : Launch script is exported to file 'E:\test\project_5\project_5.sdk\.sdk\launch_scripts\xilinx_c-c++_application_(system_debugger)\system_debugger_using_debug_dma.elf_on_local.tcl'
20:26:59 INFO  : Disconnected from the channel tcfchan#1.
20:27:00 INFO  : Connected to target on host '127.0.0.1' and port '3121'.
20:27:08 INFO  : Jtag cable 'Digilent JTAG-SMT2NC 210308A7A2BE' is selected.
20:27:08 INFO  : 'jtag frequency' command is executed.
20:27:08 INFO  : Sourcing of 'D:/Xilinx2018p3/SDK/2018.3/scripts/sdk/util/zynqmp_utils.tcl' is done.
20:27:08 INFO  : Context for 'APU' is selected.
20:27:09 INFO  : System reset is completed.
20:27:12 INFO  : 'after 3000' command is executed.
20:27:12 INFO  : 'targets -set -filter {jtag_cable_name =~ "Digilent JTAG-SMT2NC 210308A7A2BE" && level==0} -index 0' command is executed.
20:27:27 INFO  : FPGA configured successfully with bitstream "E:/test/project_5/project_5.sdk/design_1_wrapper_hw_platform_0/design_1_wrapper.bit"
20:27:27 INFO  : Context for 'APU' is selected.
20:27:28 INFO  : Hardware design information is loaded from 'E:/test/project_5/project_5.sdk/design_1_wrapper_hw_platform_0/system.hdf'.
20:27:28 INFO  : 'configparams force-mem-access 1' command is executed.
20:27:28 INFO  : Context for 'APU' is selected.
20:27:28 INFO  : Sourcing of 'E:/test/project_5/project_5.sdk/design_1_wrapper_hw_platform_0/psu_init.tcl' is done.
20:27:29 INFO  : 'psu_init' command is executed.
20:27:30 INFO  : 'after 1000' command is executed.
20:27:30 INFO  : 'psu_ps_pl_isolation_removal' command is executed.
20:27:31 INFO  : 'after 1000' command is executed.
20:27:31 INFO  : 'psu_ps_pl_reset_config' command is executed.
20:27:31 INFO  : 'catch {psu_protection}' command is executed.
20:27:31 INFO  : Context for processor 'psu_cortexa53_0' is selected.
20:27:31 INFO  : Processor reset is completed for 'psu_cortexa53_0'.
20:27:31 INFO  : The application 'E:/test/project_5/project_5.sdk/DMA/Debug/DMA.elf' is downloaded to processor 'psu_cortexa53_0'.
20:27:31 INFO  : 'configparams force-mem-access 0' command is executed.
20:27:31 INFO  : ----------------XSDB Script----------------
connect -url tcp:127.0.0.1:3121
source D:/Xilinx2018p3/SDK/2018.3/scripts/sdk/util/zynqmp_utils.tcl
targets -set -nocase -filter {name =~"APU*" && jtag_cable_name =~ "Digilent JTAG-SMT2NC 210308A7A2BE"} -index 1
rst -system
after 3000
targets -set -filter {jtag_cable_name =~ "Digilent JTAG-SMT2NC 210308A7A2BE" && level==0} -index 0
fpga -file E:/test/project_5/project_5.sdk/design_1_wrapper_hw_platform_0/design_1_wrapper.bit
targets -set -nocase -filter {name =~"APU*" && jtag_cable_name =~ "Digilent JTAG-SMT2NC 210308A7A2BE"} -index 1
loadhw -hw E:/test/project_5/project_5.sdk/design_1_wrapper_hw_platform_0/system.hdf -mem-ranges [list {0x80000000 0xbfffffff} {0x400000000 0x5ffffffff} {0x1000000000 0x7fffffffff}]
configparams force-mem-access 1
targets -set -nocase -filter {name =~"APU*" && jtag_cable_name =~ "Digilent JTAG-SMT2NC 210308A7A2BE"} -index 1
source E:/test/project_5/project_5.sdk/design_1_wrapper_hw_platform_0/psu_init.tcl
psu_init
after 1000
psu_ps_pl_isolation_removal
after 1000
psu_ps_pl_reset_config
catch {psu_protection}
targets -set -nocase -filter {name =~"*A53*0" && jtag_cable_name =~ "Digilent JTAG-SMT2NC 210308A7A2BE"} -index 1
rst -processor
dow E:/test/project_5/project_5.sdk/DMA/Debug/DMA.elf
configparams force-mem-access 0
----------------End of Script----------------

20:27:32 INFO  : Context for processor 'psu_cortexa53_0' is selected.
20:27:32 INFO  : 'con' command is executed.
20:27:32 INFO  : ----------------XSDB Script (After Launch)----------------
targets -set -nocase -filter {name =~"*A53*0" && jtag_cable_name =~ "Digilent JTAG-SMT2NC 210308A7A2BE"} -index 1
con
----------------End of Script----------------

20:27:32 INFO  : Launch script is exported to file 'E:\test\project_5\project_5.sdk\.sdk\launch_scripts\xilinx_c-c++_application_(system_debugger)\system_debugger_using_debug_dma.elf_on_local.tcl'
20:58:07 INFO  : Disconnected from the channel tcfchan#2.
